# JRE version: Java(TM) SE Runtime Environment (8.0_92-b14) (build 1.8.0_92-b14)
# Java VM: Java HotSpot(TM) 64-Bit Server VM (25.92-b14 mixed mode windows-amd64 compressed oops)
Heap:
 PSYoungGen      total 328192K, used 186022K [0x00000000eab00000, 0x0000000100000000, 0x0000000100000000)
  eden space 307200K, 60% used [0x00000000eab00000,0x00000000f60a98b8,0x00000000fd700000)
  from space 20992K, 0% used [0x00000000feb80000,0x00000000feb80000,0x0000000100000000)
  to   space 20992K, 0% used [0x00000000fd700000,0x00000000fd700000,0x00000000feb80000)
 ParOldGen       total 114176K, used 36798K [0x00000000c0000000, 0x00000000c6f80000, 0x00000000eab00000)
  object space 114176K, 32% used [0x00000000c0000000,0x00000000c23ef8d8,0x00000000c6f80000)
 Metaspace       used 63568K, capacity 65286K, committed 67200K, reserved 1107968K
  class space    used 8168K, capacity 8470K, committed 9088K, reserved 1048576K
GC Heap History (10 events):
Event: 3162.886 GC heap before
{Heap before GC invocations=30 (full 8):
 PSYoungGen      total 329216K, used 306473K [0x00000000eab00000, 0x0000000100000000, 0x0000000100000000)
  eden space 309248K, 99% used [0x00000000eab00000,0x00000000fd64a5f0,0x00000000fd900000)
  from space 19968K, 0% used [0x00000000fd900000,0x00000000fd900000,0x00000000fec80000)
  to   space 19968K, 0% used [0x00000000fec80000,0x00000000fec80000,0x0000000100000000)
 ParOldGen       total 114176K, used 38025K [0x00000000c0000000, 0x00000000c6f80000, 0x00000000eab00000)
  object space 114176K, 33% used [0x00000000c0000000,0x00000000c2522468,0x00000000c6f80000)
 Metaspace       used 63376K, capacity 65332K, committed 66944K, reserved 1107968K
  class space    used 8194K, capacity 8527K, committed 9088K, reserved 1048576K
Event: 3162.903 GC heap after
Heap after GC invocations=30 (full 8):
 PSYoungGen      total 329728K, used 3359K [0x00000000eab00000, 0x0000000100000000, 0x0000000100000000)
  eden space 309760K, 0% used [0x00000000eab00000,0x00000000eab00000,0x00000000fd980000)
  from space 19968K, 16% used [0x00000000fec80000,0x00000000fefc7f38,0x0000000100000000)
  to   space 19456K, 0% used [0x00000000fd980000,0x00000000fd980000,0x00000000fec80000)
 ParOldGen       total 114176K, used 38033K [0x00000000c0000000, 0x00000000c6f80000, 0x00000000eab00000)
  object space 114176K, 33% used [0x00000000c0000000,0x00000000c2524468,0x00000000c6f80000)
 Metaspace       used 63376K, capacity 65332K, committed 66944K, reserved 1107968K
  class space    used 8194K, capacity 8527K, committed 9088K, reserved 1048576K
}
Event: 3162.903 GC heap before
{Heap before GC invocations=31 (full 9):
 PSYoungGen      total 329728K, used 3359K [0x00000000eab00000, 0x0000000100000000, 0x0000000100000000)
  eden space 309760K, 0% used [0x00000000eab00000,0x00000000eab00000,0x00000000fd980000)
  from space 19968K, 16% used [0x00000000fec80000,0x00000000fefc7f38,0x0000000100000000)
  to   space 19456K, 0% used [0x00000000fd980000,0x00000000fd980000,0x00000000fec80000)
 ParOldGen       total 114176K, used 38033K [0x00000000c0000000, 0x00000000c6f80000, 0x00000000eab00000)
  object space 114176K, 33% used [0x00000000c0000000,0x00000000c2524468,0x00000000c6f80000)
 Metaspace       used 63376K, capacity 65332K, committed 66944K, reserved 1107968K
  class space    used 8194K, capacity 8527K, committed 9088K, reserved 1048576K
Event: 3163.177 GC heap after
Heap after GC invocations=31 (full 9):
 PSYoungGen      total 329728K, used 0K [0x00000000eab00000, 0x0000000100000000, 0x0000000100000000)
  eden space 309760K, 0% used [0x00000000eab00000,0x00000000eab00000,0x00000000fd980000)
  from space 19968K, 0% used [0x00000000fec80000,0x00000000fec80000,0x0000000100000000)
  to   space 19456K, 0% used [0x00000000fd980000,0x00000000fd980000,0x00000000fec80000)
 ParOldGen       total 114176K, used 28372K [0x00000000c0000000, 0x00000000c6f80000, 0x00000000eab00000)
  object space 114176K, 24% used [0x00000000c0000000,0x00000000c1bb51a0,0x00000000c6f80000)
 Metaspace       used 62646K, capacity 63820K, committed 66944K, reserved 1107968K
  class space    used 8011K, capacity 8185K, committed 9088K, reserved 1048576K
}
Event: 3517.148 GC heap before
{Heap before GC invocations=32 (full 9):
 PSYoungGen      total 329728K, used 309760K [0x00000000eab00000, 0x0000000100000000, 0x0000000100000000)
  eden space 309760K, 100% used [0x00000000eab00000,0x00000000fd980000,0x00000000fd980000)
  from space 19968K, 0% used [0x00000000fec80000,0x00000000fec80000,0x0000000100000000)
  to   space 19456K, 0% used [0x00000000fd980000,0x00000000fd980000,0x00000000fec80000)
 ParOldGen       total 114176K, used 28372K [0x00000000c0000000, 0x00000000c6f80000, 0x00000000eab00000)
  object space 114176K, 24% used [0x00000000c0000000,0x00000000c1bb51a0,0x00000000c6f80000)
 Metaspace       used 63228K, capacity 64744K, committed 66944K, reserved 1107968K
  class space    used 8124K, capacity 8355K, committed 9088K, reserved 1048576K
Event: 3517.170 GC heap after
Heap after GC invocations=32 (full 9):
 PSYoungGen      total 325120K, used 14939K [0x00000000eab00000, 0x0000000100000000, 0x0000000100000000)
  eden space 309760K, 0% used [0x00000000eab00000,0x00000000eab00000,0x00000000fd980000)
  from space 15360K, 97% used [0x00000000fd980000,0x00000000fe816cc0,0x00000000fe880000)
  to   space 20992K, 0% used [0x00000000feb80000,0x00000000feb80000,0x0000000100000000)
 ParOldGen       total 114176K, used 28380K [0x00000000c0000000, 0x00000000c6f80000, 0x00000000eab00000)
  object space 114176K, 24% used [0x00000000c0000000,0x00000000c1bb71a0,0x00000000c6f80000)
 Metaspace       used 63228K, capacity 64744K, committed 66944K, reserved 1107968K
  class space    used 8124K, capacity 8355K, committed 9088K, reserved 1048576K
}
Event: 3517.174 GC heap before
{Heap before GC invocations=33 (full 9):
 PSYoungGen      total 325120K, used 18765K [0x00000000eab00000, 0x0000000100000000, 0x0000000100000000)
  eden space 309760K, 1% used [0x00000000eab00000,0x00000000eaebc8e8,0x00000000fd980000)
  from space 15360K, 97% used [0x00000000fd980000,0x00000000fe816cc0,0x00000000fe880000)
  to   space 20992K, 0% used [0x00000000feb80000,0x00000000feb80000,0x0000000100000000)
 ParOldGen       total 114176K, used 28380K [0x00000000c0000000, 0x00000000c6f80000, 0x00000000eab00000)
  object space 114176K, 24% used [0x00000000c0000000,0x00000000c1bb71a0,0x00000000c6f80000)
 Metaspace       used 63228K, capacity 64744K, committed 66944K, reserved 1107968K
  class space    used 8124K, capacity 8355K, committed 9088K, reserved 1048576K
Event: 3517.191 GC heap after
Heap after GC invocations=33 (full 9):
 PSYoungGen      total 328192K, used 10912K [0x00000000eab00000, 0x0000000100000000, 0x0000000100000000)
  eden space 307200K, 0% used [0x00000000eab00000,0x00000000eab00000,0x00000000fd700000)
  from space 20992K, 51% used [0x00000000feb80000,0x00000000ff628020,0x0000000100000000)
  to   space 20992K, 0% used [0x00000000fd700000,0x00000000fd700000,0x00000000feb80000)
 ParOldGen       total 114176K, used 28380K [0x00000000c0000000, 0x00000000c6f80000, 0x00000000eab00000)
  object space 114176K, 24% used [0x00000000c0000000,0x00000000c1bb71a0,0x00000000c6f80000)
 Metaspace       used 63228K, capacity 64744K, committed 66944K, reserved 1107968K
  class space    used 8124K, capacity 8355K, committed 9088K, reserved 1048576K
}
Event: 3517.191 GC heap before
{Heap before GC invocations=34 (full 10):
 PSYoungGen      total 328192K, used 10912K [0x00000000eab00000, 0x0000000100000000, 0x0000000100000000)
  eden space 307200K, 0% used [0x00000000eab00000,0x00000000eab00000,0x00000000fd700000)
  from space 20992K, 51% used [0x00000000feb80000,0x00000000ff628020,0x0000000100000000)
  to   space 20992K, 0% used [0x00000000fd700000,0x00000000fd700000,0x00000000feb80000)
 ParOldGen       total 114176K, used 28380K [0x00000000c0000000, 0x00000000c6f80000, 0x00000000eab00000)
  object space 114176K, 24% used [0x00000000c0000000,0x00000000c1bb71a0,0x00000000c6f80000)
 Metaspace       used 63228K, capacity 64744K, committed 66944K, reserved 1107968K
  class space    used 8124K, capacity 8355K, committed 9088K, reserved 1048576K
Event: 3517.432 GC heap after
Heap after GC invocations=34 (full 10):
 PSYoungGen      total 328192K, used 0K [0x00000000eab00000, 0x0000000100000000, 0x0000000100000000)
  eden space 307200K, 0% used [0x00000000eab00000,0x00000000eab00000,0x00000000fd700000)
  from space 20992K, 0% used [0x00000000feb80000,0x00000000feb80000,0x0000000100000000)
  to   space 20992K, 0% used [0x00000000fd700000,0x00000000fd700000,0x00000000feb80000)
 ParOldGen       total 114176K, used 36798K [0x00000000c0000000, 0x00000000c6f80000, 0x00000000eab00000)
  object space 114176K, 32% used [0x00000000c0000000,0x00000000c23ef8d8,0x00000000c6f80000)
 Metaspace       used 63202K, capacity 64656K, committed 66944K, reserved 1107968K
  class space    used 8116K, capacity 8347K, committed 9088K, reserved 1048576K
}

