# JRE version: Java(TM) SE Runtime Environment (8.0_92-b14) (build 1.8.0_92-b14)
# Java VM: Java HotSpot(TM) 64-Bit Server VM (25.92-b14 mixed mode windows-amd64 compressed oops)
Heap:
 PSYoungGen      total 312320K, used 178898K [0x00000000eab00000, 0x0000000100000000, 0x0000000100000000)
  eden space 292352K, 56% used [0x00000000eab00000,0x00000000f4b14e60,0x00000000fc880000)
  from space 19968K, 74% used [0x00000000fc880000,0x00000000fd71fb80,0x00000000fdc00000)
  to   space 20992K, 0% used [0x00000000feb80000,0x00000000feb80000,0x0000000100000000)
 ParOldGen       total 107520K, used 45997K [0x00000000c0000000, 0x00000000c6900000, 0x00000000eab00000)
  object space 107520K, 42% used [0x00000000c0000000,0x00000000c2ceb670,0x00000000c6900000)
 Metaspace       used 66592K, capacity 70818K, committed 70912K, reserved 1110016K
  class space    used 8684K, capacity 9432K, committed 9472K, reserved 1048576K
GC Heap History (10 events):
Event: 1635.034 GC heap before
{Heap before GC invocations=28 (full 8):
 PSYoungGen      total 326656K, used 12608K [0x00000000eab00000, 0x00000000ffe80000, 0x0000000100000000)
  eden space 305664K, 0% used [0x00000000eab00000,0x00000000eab00000,0x00000000fd580000)
  from space 20992K, 60% used [0x00000000fea00000,0x00000000ff6500d8,0x00000000ffe80000)
  to   space 20992K, 0% used [0x00000000fd580000,0x00000000fd580000,0x00000000fea00000)
 ParOldGen       total 107520K, used 40920K [0x00000000c0000000, 0x00000000c6900000, 0x00000000eab00000)
  object space 107520K, 38% used [0x00000000c0000000,0x00000000c27f6308,0x00000000c6900000)
 Metaspace       used 65119K, capacity 68370K, committed 68608K, reserved 1107968K
  class space    used 8548K, capacity 9205K, committed 9216K, reserved 1048576K
Event: 1635.560 GC heap after
Heap after GC invocations=28 (full 8):
 PSYoungGen      total 326656K, used 0K [0x00000000eab00000, 0x00000000ffe80000, 0x0000000100000000)
  eden space 305664K, 0% used [0x00000000eab00000,0x00000000eab00000,0x00000000fd580000)
  from space 20992K, 0% used [0x00000000fea00000,0x00000000fea00000,0x00000000ffe80000)
  to   space 20992K, 0% used [0x00000000fd580000,0x00000000fd580000,0x00000000fea00000)
 ParOldGen       total 107520K, used 48575K [0x00000000c0000000, 0x00000000c6900000, 0x00000000eab00000)
  object space 107520K, 45% used [0x00000000c0000000,0x00000000c2f6ff08,0x00000000c6900000)
 Metaspace       used 65070K, capacity 68254K, committed 68608K, reserved 1107968K
  class space    used 8533K, capacity 9190K, committed 9216K, reserved 1048576K
}
Event: 6169.180 GC heap before
{Heap before GC invocations=29 (full 8):
 PSYoungGen      total 326656K, used 305664K [0x00000000eab00000, 0x00000000ffe80000, 0x0000000100000000)
  eden space 305664K, 100% used [0x00000000eab00000,0x00000000fd580000,0x00000000fd580000)
  from space 20992K, 0% used [0x00000000fea00000,0x00000000fea00000,0x00000000ffe80000)
  to   space 20992K, 0% used [0x00000000fd580000,0x00000000fd580000,0x00000000fea00000)
 ParOldGen       total 107520K, used 48575K [0x00000000c0000000, 0x00000000c6900000, 0x00000000eab00000)
  object space 107520K, 45% used [0x00000000c0000000,0x00000000c2f6ff08,0x00000000c6900000)
 Metaspace       used 65667K, capacity 69282K, committed 69504K, reserved 1110016K
  class space    used 8595K, capacity 9265K, committed 9344K, reserved 1048576K
Event: 6169.368 GC heap after
Heap after GC invocations=29 (full 8):
 PSYoungGen      total 298496K, used 5990K [0x00000000eab00000, 0x00000000ff080000, 0x0000000100000000)
  eden space 292352K, 0% used [0x00000000eab00000,0x00000000eab00000,0x00000000fc880000)
  from space 6144K, 97% used [0x00000000fd580000,0x00000000fdb59830,0x00000000fdb80000)
  to   space 20480K, 0% used [0x00000000fdc80000,0x00000000fdc80000,0x00000000ff080000)
 ParOldGen       total 107520K, used 48583K [0x00000000c0000000, 0x00000000c6900000, 0x00000000eab00000)
  object space 107520K, 45% used [0x00000000c0000000,0x00000000c2f71f08,0x00000000c6900000)
 Metaspace       used 65667K, capacity 69282K, committed 69504K, reserved 1110016K
  class space    used 8595K, capacity 9265K, committed 9344K, reserved 1048576K
}
Event: 6169.988 GC heap before
{Heap before GC invocations=30 (full 8):
 PSYoungGen      total 298496K, used 48922K [0x00000000eab00000, 0x00000000ff080000, 0x0000000100000000)
  eden space 292352K, 14% used [0x00000000eab00000,0x00000000ed4ed350,0x00000000fc880000)
  from space 6144K, 97% used [0x00000000fd580000,0x00000000fdb59830,0x00000000fdb80000)
  to   space 20480K, 0% used [0x00000000fdc80000,0x00000000fdc80000,0x00000000ff080000)
 ParOldGen       total 107520K, used 48583K [0x00000000c0000000, 0x00000000c6900000, 0x00000000eab00000)
  object space 107520K, 45% used [0x00000000c0000000,0x00000000c2f71f08,0x00000000c6900000)
 Metaspace       used 66002K, capacity 69630K, committed 69760K, reserved 1110016K
  class space    used 8638K, capacity 9339K, committed 9344K, reserved 1048576K
Event: 6169.999 GC heap after
Heap after GC invocations=30 (full 8):
 PSYoungGen      total 311808K, used 6544K [0x00000000eab00000, 0x00000000fef80000, 0x0000000100000000)
  eden space 292352K, 0% used [0x00000000eab00000,0x00000000eab00000,0x00000000fc880000)
  from space 19456K, 33% used [0x00000000fdc80000,0x00000000fe2e40a8,0x00000000fef80000)
  to   space 19968K, 0% used [0x00000000fc880000,0x00000000fc880000,0x00000000fdc00000)
 ParOldGen       total 107520K, used 48591K [0x00000000c0000000, 0x00000000c6900000, 0x00000000eab00000)
  object space 107520K, 45% used [0x00000000c0000000,0x00000000c2f73f08,0x00000000c6900000)
 Metaspace       used 66002K, capacity 69630K, committed 69760K, reserved 1110016K
  class space    used 8638K, capacity 9339K, committed 9344K, reserved 1048576K
}
Event: 6169.999 GC heap before
{Heap before GC invocations=31 (full 9):
 PSYoungGen      total 311808K, used 6544K [0x00000000eab00000, 0x00000000fef80000, 0x0000000100000000)
  eden space 292352K, 0% used [0x00000000eab00000,0x00000000eab00000,0x00000000fc880000)
  from space 19456K, 33% used [0x00000000fdc80000,0x00000000fe2e40a8,0x00000000fef80000)
  to   space 19968K, 0% used [0x00000000fc880000,0x00000000fc880000,0x00000000fdc00000)
 ParOldGen       total 107520K, used 48591K [0x00000000c0000000, 0x00000000c6900000, 0x00000000eab00000)
  object space 107520K, 45% used [0x00000000c0000000,0x00000000c2f73f08,0x00000000c6900000)
 Metaspace       used 66002K, capacity 69630K, committed 69760K, reserved 1110016K
  class space    used 8638K, capacity 9339K, committed 9344K, reserved 1048576K
Event: 6170.405 GC heap after
Heap after GC invocations=31 (full 9):
 PSYoungGen      total 311808K, used 0K [0x00000000eab00000, 0x00000000fef80000, 0x0000000100000000)
  eden space 292352K, 0% used [0x00000000eab00000,0x00000000eab00000,0x00000000fc880000)
  from space 19456K, 0% used [0x00000000fdc80000,0x00000000fdc80000,0x00000000fef80000)
  to   space 19968K, 0% used [0x00000000fc880000,0x00000000fc880000,0x00000000fdc00000)
 ParOldGen       total 107520K, used 45989K [0x00000000c0000000, 0x00000000c6900000, 0x00000000eab00000)
  object space 107520K, 42% used [0x00000000c0000000,0x00000000c2ce9670,0x00000000c6900000)
 Metaspace       used 65378K, capacity 68602K, committed 69760K, reserved 1110016K
  class space    used 8524K, capacity 9156K, committed 9344K, reserved 1048576K
}
Event: 6205.238 GC heap before
{Heap before GC invocations=32 (full 9):
 PSYoungGen      total 311808K, used 292352K [0x00000000eab00000, 0x00000000fef80000, 0x0000000100000000)
  eden space 292352K, 100% used [0x00000000eab00000,0x00000000fc880000,0x00000000fc880000)
  from space 19456K, 0% used [0x00000000fdc80000,0x00000000fdc80000,0x00000000fef80000)
  to   space 19968K, 0% used [0x00000000fc880000,0x00000000fc880000,0x00000000fdc00000)
 ParOldGen       total 107520K, used 45989K [0x00000000c0000000, 0x00000000c6900000, 0x00000000eab00000)
  object space 107520K, 42% used [0x00000000c0000000,0x00000000c2ce9670,0x00000000c6900000)
 Metaspace       used 66383K, capacity 70454K, committed 70656K, reserved 1110016K
  class space    used 8675K, capacity 9398K, committed 9472K, reserved 1048576K
Event: 6205.272 GC heap after
Heap after GC invocations=32 (full 9):
 PSYoungGen      total 312320K, used 14974K [0x00000000eab00000, 0x0000000100000000, 0x0000000100000000)
  eden space 292352K, 0% used [0x00000000eab00000,0x00000000eab00000,0x00000000fc880000)
  from space 19968K, 74% used [0x00000000fc880000,0x00000000fd71fb80,0x00000000fdc00000)
  to   space 20992K, 0% used [0x00000000feb80000,0x00000000feb80000,0x0000000100000000)
 ParOldGen       total 107520K, used 45997K [0x00000000c0000000, 0x00000000c6900000, 0x00000000eab00000)
  object space 107520K, 42% used [0x00000000c0000000,0x00000000c2ceb670,0x00000000c6900000)
 Metaspace       used 66383K, capacity 70454K, committed 70656K, reserved 1110016K
  class space    used 8675K, capacity 9398K, committed 9472K, reserved 1048576K
}

