# JRE version: Java(TM) SE Runtime Environment (8.0_92-b14) (build 1.8.0_92-b14)
# Java VM: Java HotSpot(TM) 64-Bit Server VM (25.92-b14 mixed mode windows-amd64 compressed oops)
Heap:
 PSYoungGen      total 305664K, used 237621K [0x00000000eab00000, 0x00000000ffd00000, 0x0000000100000000)
  eden space 268288K, 81% used [0x00000000eab00000,0x00000000f80f8b78,0x00000000fb100000)
  from space 37376K, 49% used [0x00000000fd880000,0x00000000fea94a30,0x00000000ffd00000)
  to   space 38912K, 0% used [0x00000000fb100000,0x00000000fb100000,0x00000000fd700000)
 ParOldGen       total 65024K, used 31122K [0x00000000c0000000, 0x00000000c3f80000, 0x00000000eab00000)
  object space 65024K, 47% used [0x00000000c0000000,0x00000000c1e64a70,0x00000000c3f80000)
 Metaspace       used 67829K, capacity 70432K, committed 73216K, reserved 1112064K
  class space    used 8637K, capacity 9052K, committed 9728K, reserved 1048576K
GC Heap History (10 events):
Event: 17509.655 GC heap before
{Heap before GC invocations=43 (full 10):
 PSYoungGen      total 292352K, used 256000K [0x00000000eab00000, 0x00000000fee00000, 0x0000000100000000)
  eden space 256000K, 100% used [0x00000000eab00000,0x00000000fa500000,0x00000000fa500000)
  from space 36352K, 0% used [0x00000000fca80000,0x00000000fca80000,0x00000000fee00000)
  to   space 37376K, 0% used [0x00000000fa500000,0x00000000fa500000,0x00000000fc980000)
 ParOldGen       total 65024K, used 47850K [0x00000000c0000000, 0x00000000c3f80000, 0x00000000eab00000)
  object space 65024K, 73% used [0x00000000c0000000,0x00000000c2ebab20,0x00000000c3f80000)
 Metaspace       used 68541K, capacity 71318K, committed 73216K, reserved 1112064K
  class space    used 8816K, capacity 9394K, committed 9728K, reserved 1048576K
Event: 17509.766 GC heap after
Heap after GC invocations=43 (full 10):
 PSYoungGen      total 257024K, used 11619K [0x00000000eab00000, 0x00000000fe180000, 0x0000000100000000)
  eden space 245248K, 0% used [0x00000000eab00000,0x00000000eab00000,0x00000000f9a80000)
  from space 11776K, 98% used [0x00000000fa500000,0x00000000fb058c18,0x00000000fb080000)
  to   space 36352K, 0% used [0x00000000fbe00000,0x00000000fbe00000,0x00000000fe180000)
 ParOldGen       total 65024K, used 47858K [0x00000000c0000000, 0x00000000c3f80000, 0x00000000eab00000)
  object space 65024K, 73% used [0x00000000c0000000,0x00000000c2ebcb20,0x00000000c3f80000)
 Metaspace       used 68541K, capacity 71318K, committed 73216K, reserved 1112064K
  class space    used 8816K, capacity 9394K, committed 9728K, reserved 1048576K
}
Event: 17514.651 GC heap before
{Heap before GC invocations=44 (full 10):
 PSYoungGen      total 257024K, used 256867K [0x00000000eab00000, 0x00000000fe180000, 0x0000000100000000)
  eden space 245248K, 100% used [0x00000000eab00000,0x00000000f9a80000,0x00000000f9a80000)
  from space 11776K, 98% used [0x00000000fa500000,0x00000000fb058c18,0x00000000fb080000)
  to   space 36352K, 0% used [0x00000000fbe00000,0x00000000fbe00000,0x00000000fe180000)
 ParOldGen       total 65024K, used 47858K [0x00000000c0000000, 0x00000000c3f80000, 0x00000000eab00000)
  object space 65024K, 73% used [0x00000000c0000000,0x00000000c2ebcb20,0x00000000c3f80000)
 Metaspace       used 68582K, capacity 71414K, committed 73216K, reserved 1112064K
  class space    used 8825K, capacity 9410K, committed 9728K, reserved 1048576K
Event: 17515.697 GC heap after
Heap after GC invocations=44 (full 10):
 PSYoungGen      total 277504K, used 32880K [0x00000000eab00000, 0x0000000100000000, 0x0000000100000000)
  eden space 241152K, 0% used [0x00000000eab00000,0x00000000eab00000,0x00000000f9680000)
  from space 36352K, 90% used [0x00000000fbe00000,0x00000000fde1c298,0x00000000fe180000)
  to   space 40448K, 0% used [0x00000000f9680000,0x00000000f9680000,0x00000000fbe00000)
 ParOldGen       total 65024K, used 47866K [0x00000000c0000000, 0x00000000c3f80000, 0x00000000eab00000)
  object space 65024K, 73% used [0x00000000c0000000,0x00000000c2ebeb20,0x00000000c3f80000)
 Metaspace       used 68582K, capacity 71414K, committed 73216K, reserved 1112064K
  class space    used 8825K, capacity 9410K, committed 9728K, reserved 1048576K
}
Event: 17517.592 GC heap before
{Heap before GC invocations=45 (full 10):
 PSYoungGen      total 277504K, used 193194K [0x00000000eab00000, 0x0000000100000000, 0x0000000100000000)
  eden space 241152K, 66% used [0x00000000eab00000,0x00000000f478e680,0x00000000f9680000)
  from space 36352K, 90% used [0x00000000fbe00000,0x00000000fde1c298,0x00000000fe180000)
  to   space 40448K, 0% used [0x00000000f9680000,0x00000000f9680000,0x00000000fbe00000)
 ParOldGen       total 65024K, used 47866K [0x00000000c0000000, 0x00000000c3f80000, 0x00000000eab00000)
  object space 65024K, 73% used [0x00000000c0000000,0x00000000c2ebeb20,0x00000000c3f80000)
 Metaspace       used 68669K, capacity 71688K, committed 73216K, reserved 1112064K
  class space    used 8844K, capacity 9445K, committed 9728K, reserved 1048576K
Event: 17517.598 GC heap after
Heap after GC invocations=45 (full 10):
 PSYoungGen      total 281600K, used 3571K [0x00000000eab00000, 0x0000000100000000, 0x0000000100000000)
  eden space 241152K, 0% used [0x00000000eab00000,0x00000000eab00000,0x00000000f9680000)
  from space 40448K, 8% used [0x00000000f9680000,0x00000000f99fcc28,0x00000000fbe00000)
  to   space 40448K, 0% used [0x00000000fd880000,0x00000000fd880000,0x0000000100000000)
 ParOldGen       total 65024K, used 47874K [0x00000000c0000000, 0x00000000c3f80000, 0x00000000eab00000)
  object space 65024K, 73% used [0x00000000c0000000,0x00000000c2ec0b20,0x00000000c3f80000)
 Metaspace       used 68669K, capacity 71688K, committed 73216K, reserved 1112064K
  class space    used 8844K, capacity 9445K, committed 9728K, reserved 1048576K
}
Event: 17517.598 GC heap before
{Heap before GC invocations=46 (full 11):
 PSYoungGen      total 281600K, used 3571K [0x00000000eab00000, 0x0000000100000000, 0x0000000100000000)
  eden space 241152K, 0% used [0x00000000eab00000,0x00000000eab00000,0x00000000f9680000)
  from space 40448K, 8% used [0x00000000f9680000,0x00000000f99fcc28,0x00000000fbe00000)
  to   space 40448K, 0% used [0x00000000fd880000,0x00000000fd880000,0x0000000100000000)
 ParOldGen       total 65024K, used 47874K [0x00000000c0000000, 0x00000000c3f80000, 0x00000000eab00000)
  object space 65024K, 73% used [0x00000000c0000000,0x00000000c2ec0b20,0x00000000c3f80000)
 Metaspace       used 68669K, capacity 71688K, committed 73216K, reserved 1112064K
  class space    used 8844K, capacity 9445K, committed 9728K, reserved 1048576K
Event: 17518.307 GC heap after
Heap after GC invocations=46 (full 11):
 PSYoungGen      total 281600K, used 0K [0x00000000eab00000, 0x0000000100000000, 0x0000000100000000)
  eden space 241152K, 0% used [0x00000000eab00000,0x00000000eab00000,0x00000000f9680000)
  from space 40448K, 0% used [0x00000000f9680000,0x00000000f9680000,0x00000000fbe00000)
  to   space 40448K, 0% used [0x00000000fd880000,0x00000000fd880000,0x0000000100000000)
 ParOldGen       total 65024K, used 31114K [0x00000000c0000000, 0x00000000c3f80000, 0x00000000eab00000)
  object space 65024K, 47% used [0x00000000c0000000,0x00000000c1e62a70,0x00000000c3f80000)
 Metaspace       used 67259K, capacity 69398K, committed 73216K, reserved 1112064K
  class space    used 8531K, capacity 8897K, committed 9728K, reserved 1048576K
}
Event: 17524.962 GC heap before
{Heap before GC invocations=47 (full 11):
 PSYoungGen      total 281600K, used 241152K [0x00000000eab00000, 0x0000000100000000, 0x0000000100000000)
  eden space 241152K, 100% used [0x00000000eab00000,0x00000000f9680000,0x00000000f9680000)
  from space 40448K, 0% used [0x00000000f9680000,0x00000000f9680000,0x00000000fbe00000)
  to   space 40448K, 0% used [0x00000000fd880000,0x00000000fd880000,0x0000000100000000)
 ParOldGen       total 65024K, used 31114K [0x00000000c0000000, 0x00000000c3f80000, 0x00000000eab00000)
  object space 65024K, 47% used [0x00000000c0000000,0x00000000c1e62a70,0x00000000c3f80000)
 Metaspace       used 67643K, capacity 70118K, committed 73216K, reserved 1112064K
  class space    used 8612K, capacity 9021K, committed 9728K, reserved 1048576K
Event: 17525.091 GC heap after
Heap after GC invocations=47 (full 11):
 PSYoungGen      total 305664K, used 18514K [0x00000000eab00000, 0x00000000ffd00000, 0x0000000100000000)
  eden space 268288K, 0% used [0x00000000eab00000,0x00000000eab00000,0x00000000fb100000)
  from space 37376K, 49% used [0x00000000fd880000,0x00000000fea94a30,0x00000000ffd00000)
  to   space 38912K, 0% used [0x00000000fb100000,0x00000000fb100000,0x00000000fd700000)
 ParOldGen       total 65024K, used 31122K [0x00000000c0000000, 0x00000000c3f80000, 0x00000000eab00000)
  object space 65024K, 47% used [0x00000000c0000000,0x00000000c1e64a70,0x00000000c3f80000)
 Metaspace       used 67643K, capacity 70118K, committed 73216K, reserved 1112064K
  class space    used 8612K, capacity 9021K, committed 9728K, reserved 1048576K
}

