# JRE version: Java(TM) SE Runtime Environment (8.0_92-b14) (build 1.8.0_92-b14)
# Java VM: Java HotSpot(TM) 64-Bit Server VM (25.92-b14 mixed mode windows-amd64 compressed oops)
Heap:
 PSYoungGen      total 267264K, used 149820K [0x00000000eab00000, 0x00000000ff580000, 0x0000000100000000)
  eden space 217088K, 49% used [0x00000000eab00000,0x00000000f133fbc0,0x00000000f7f00000)
  from space 50176K, 85% used [0x00000000f7f00000,0x00000000fa90f6f0,0x00000000fb000000)
  to   space 56832K, 0% used [0x00000000fbe00000,0x00000000fbe00000,0x00000000ff580000)
 ParOldGen       total 212480K, used 87796K [0x00000000c0000000, 0x00000000ccf80000, 0x00000000eab00000)
  object space 212480K, 41% used [0x00000000c0000000,0x00000000c55bd080,0x00000000ccf80000)
 Metaspace       used 70641K, capacity 76124K, committed 76928K, reserved 1116160K
  class space    used 8987K, capacity 9909K, committed 10112K, reserved 1048576K
GC Heap History (10 events):
Event: 1536.778 GC heap before
{Heap before GC invocations=69 (full 13):
 PSYoungGen      total 263680K, used 26768K [0x00000000eab00000, 0x00000000fe680000, 0x0000000100000000)
  eden space 205312K, 9% used [0x00000000eab00000,0x00000000ebe8f388,0x00000000f7380000)
  from space 58368K, 11% used [0x00000000f7380000,0x00000000f7a14df0,0x00000000fac80000)
  to   space 55808K, 0% used [0x00000000fb000000,0x00000000fb000000,0x00000000fe680000)
 ParOldGen       total 212480K, used 88767K [0x00000000c0000000, 0x00000000ccf80000, 0x00000000eab00000)
  object space 212480K, 41% used [0x00000000c0000000,0x00000000c56afec8,0x00000000ccf80000)
 Metaspace       used 70468K, capacity 75926K, committed 76928K, reserved 1116160K
  class space    used 8982K, capacity 9908K, committed 10112K, reserved 1048576K
Event: 1536.780 GC heap after
Heap after GC invocations=69 (full 13):
 PSYoungGen      total 265216K, used 821K [0x00000000eab00000, 0x00000000fe480000, 0x0000000100000000)
  eden space 211456K, 0% used [0x00000000eab00000,0x00000000eab00000,0x00000000f7980000)
  from space 53760K, 1% used [0x00000000fb000000,0x00000000fb0cd590,0x00000000fe480000)
  to   space 54784K, 0% used [0x00000000f7980000,0x00000000f7980000,0x00000000faf00000)
 ParOldGen       total 212480K, used 88775K [0x00000000c0000000, 0x00000000ccf80000, 0x00000000eab00000)
  object space 212480K, 41% used [0x00000000c0000000,0x00000000c56b1ec8,0x00000000ccf80000)
 Metaspace       used 70468K, capacity 75926K, committed 76928K, reserved 1116160K
  class space    used 8982K, capacity 9908K, committed 10112K, reserved 1048576K
}
Event: 1536.780 GC heap before
{Heap before GC invocations=70 (full 14):
 PSYoungGen      total 265216K, used 821K [0x00000000eab00000, 0x00000000fe480000, 0x0000000100000000)
  eden space 211456K, 0% used [0x00000000eab00000,0x00000000eab00000,0x00000000f7980000)
  from space 53760K, 1% used [0x00000000fb000000,0x00000000fb0cd590,0x00000000fe480000)
  to   space 54784K, 0% used [0x00000000f7980000,0x00000000f7980000,0x00000000faf00000)
 ParOldGen       total 212480K, used 88775K [0x00000000c0000000, 0x00000000ccf80000, 0x00000000eab00000)
  object space 212480K, 41% used [0x00000000c0000000,0x00000000c56b1ec8,0x00000000ccf80000)
 Metaspace       used 70468K, capacity 75926K, committed 76928K, reserved 1116160K
  class space    used 8982K, capacity 9908K, committed 10112K, reserved 1048576K
Event: 1537.211 GC heap after
Heap after GC invocations=70 (full 14):
 PSYoungGen      total 265216K, used 0K [0x00000000eab00000, 0x00000000fe480000, 0x0000000100000000)
  eden space 211456K, 0% used [0x00000000eab00000,0x00000000eab00000,0x00000000f7980000)
  from space 53760K, 0% used [0x00000000fb000000,0x00000000fb000000,0x00000000fe480000)
  to   space 54784K, 0% used [0x00000000f7980000,0x00000000f7980000,0x00000000faf00000)
 ParOldGen       total 212480K, used 87788K [0x00000000c0000000, 0x00000000ccf80000, 0x00000000eab00000)
  object space 212480K, 41% used [0x00000000c0000000,0x00000000c55bb080,0x00000000ccf80000)
 Metaspace       used 70468K, capacity 75926K, committed 76928K, reserved 1116160K
  class space    used 8982K, capacity 9908K, committed 10112K, reserved 1048576K
}
Event: 1694.213 GC heap before
{Heap before GC invocations=71 (full 14):
 PSYoungGen      total 265216K, used 211456K [0x00000000eab00000, 0x00000000fe480000, 0x0000000100000000)
  eden space 211456K, 100% used [0x00000000eab00000,0x00000000f7980000,0x00000000f7980000)
  from space 53760K, 0% used [0x00000000fb000000,0x00000000fb000000,0x00000000fe480000)
  to   space 54784K, 0% used [0x00000000f7980000,0x00000000f7980000,0x00000000faf00000)
 ParOldGen       total 212480K, used 87788K [0x00000000c0000000, 0x00000000ccf80000, 0x00000000eab00000)
  object space 212480K, 41% used [0x00000000c0000000,0x00000000c55bb080,0x00000000ccf80000)
 Metaspace       used 70554K, capacity 75996K, committed 76928K, reserved 1116160K
  class space    used 8986K, capacity 9909K, committed 10112K, reserved 1048576K
Event: 1694.226 GC heap after
Heap after GC invocations=71 (full 14):
 PSYoungGen      total 266240K, used 10963K [0x00000000eab00000, 0x00000000fe200000, 0x0000000100000000)
  eden space 211456K, 0% used [0x00000000eab00000,0x00000000eab00000,0x00000000f7980000)
  from space 54784K, 20% used [0x00000000f7980000,0x00000000f8434c08,0x00000000faf00000)
  to   space 51200K, 0% used [0x00000000fb000000,0x00000000fb000000,0x00000000fe200000)
 ParOldGen       total 212480K, used 87796K [0x00000000c0000000, 0x00000000ccf80000, 0x00000000eab00000)
  object space 212480K, 41% used [0x00000000c0000000,0x00000000c55bd080,0x00000000ccf80000)
 Metaspace       used 70554K, capacity 75996K, committed 76928K, reserved 1116160K
  class space    used 8986K, capacity 9909K, committed 10112K, reserved 1048576K
}
Event: 1699.145 GC heap before
{Heap before GC invocations=72 (full 14):
 PSYoungGen      total 266240K, used 222419K [0x00000000eab00000, 0x00000000fe200000, 0x0000000100000000)
  eden space 211456K, 100% used [0x00000000eab00000,0x00000000f7980000,0x00000000f7980000)
  from space 54784K, 20% used [0x00000000f7980000,0x00000000f8434c08,0x00000000faf00000)
  to   space 51200K, 0% used [0x00000000fb000000,0x00000000fb000000,0x00000000fe200000)
 ParOldGen       total 212480K, used 87796K [0x00000000c0000000, 0x00000000ccf80000, 0x00000000eab00000)
  object space 212480K, 41% used [0x00000000c0000000,0x00000000c55bd080,0x00000000ccf80000)
 Metaspace       used 70629K, capacity 76060K, committed 76928K, reserved 1116160K
  class space    used 8986K, capacity 9909K, committed 10112K, reserved 1048576K
Event: 1699.194 GC heap after
Heap after GC invocations=72 (full 14):
 PSYoungGen      total 268288K, used 20611K [0x00000000eab00000, 0x00000000fe200000, 0x0000000100000000)
  eden space 217088K, 0% used [0x00000000eab00000,0x00000000eab00000,0x00000000f7f00000)
  from space 51200K, 40% used [0x00000000fb000000,0x00000000fc420c18,0x00000000fe200000)
  to   space 50176K, 0% used [0x00000000f7f00000,0x00000000f7f00000,0x00000000fb000000)
 ParOldGen       total 212480K, used 87796K [0x00000000c0000000, 0x00000000ccf80000, 0x00000000eab00000)
  object space 212480K, 41% used [0x00000000c0000000,0x00000000c55bd080,0x00000000ccf80000)
 Metaspace       used 70629K, capacity 76060K, committed 76928K, reserved 1116160K
  class space    used 8986K, capacity 9909K, committed 10112K, reserved 1048576K
}
Event: 1706.250 GC heap before
{Heap before GC invocations=73 (full 14):
 PSYoungGen      total 268288K, used 237699K [0x00000000eab00000, 0x00000000fe200000, 0x0000000100000000)
  eden space 217088K, 100% used [0x00000000eab00000,0x00000000f7f00000,0x00000000f7f00000)
  from space 51200K, 40% used [0x00000000fb000000,0x00000000fc420c18,0x00000000fe200000)
  to   space 50176K, 0% used [0x00000000f7f00000,0x00000000f7f00000,0x00000000fb000000)
 ParOldGen       total 212480K, used 87796K [0x00000000c0000000, 0x00000000ccf80000, 0x00000000eab00000)
  object space 212480K, 41% used [0x00000000c0000000,0x00000000c55bd080,0x00000000ccf80000)
 Metaspace       used 70631K, capacity 76060K, committed 76928K, reserved 1116160K
  class space    used 8986K, capacity 9909K, committed 10112K, reserved 1048576K
Event: 1706.327 GC heap after
Heap after GC invocations=73 (full 14):
 PSYoungGen      total 267264K, used 43069K [0x00000000eab00000, 0x00000000ff580000, 0x0000000100000000)
  eden space 217088K, 0% used [0x00000000eab00000,0x00000000eab00000,0x00000000f7f00000)
  from space 50176K, 85% used [0x00000000f7f00000,0x00000000fa90f6f0,0x00000000fb000000)
  to   space 56832K, 0% used [0x00000000fbe00000,0x00000000fbe00000,0x00000000ff580000)
 ParOldGen       total 212480K, used 87796K [0x00000000c0000000, 0x00000000ccf80000, 0x00000000eab00000)
  object space 212480K, 41% used [0x00000000c0000000,0x00000000c55bd080,0x00000000ccf80000)
 Metaspace       used 70631K, capacity 76060K, committed 76928K, reserved 1116160K
  class space    used 8986K, capacity 9909K, committed 10112K, reserved 1048576K
}

